<?xml version="1.0" encoding="UTF-8"?>
<!-- Generated by org.testng.reporters.JUnitReportReporter -->
<testsuite skipped="0" hostname="LAPTOP-9GVIJ250" name="com.mycompany.app.App" tests="1" failures="0" timestamp="13 Mar 2019 15:43:46 GMT" time="14.971" errors="0">
  <testcase name="Open_Browser" time="14.971" classname="com.mycompany.app.App"/>
</testsuite> <!-- com.mycompany.app.App -->
